{"/home/deq/Work/React Native/AwesomeProject/App.tsx": {"path":"/home/deq/Work/React Native/AwesomeProject/App.tsx","statementMap":{"0":{"start":{"line":30,"column":22},"end":{"line":53,"column":1}},"1":{"start":{"line":31,"column":2},"end":{"line":52,"column":4}},"2":{"start":{"line":39,"column":27},"end":{"line":39,"column":45}},"3":{"start":{"line":45,"column":27},"end":{"line":45,"column":47}},"4":{"start":{"line":57,"column":4},"end":{"line":57,"column":17}},"5":{"start":{"line":58,"column":4},"end":{"line":58,"column":42}},"6":{"start":{"line":73,"column":27},"end":{"line":77,"column":4}},"7":{"start":{"line":78,"column":4},"end":{"line":82,"column":5}},"8":{"start":{"line":89,"column":26},"end":{"line":91,"column":3}},"9":{"start":{"line":93,"column":22},"end":{"line":97,"column":3}},"10":{"start":{"line":99,"column":2},"end":{"line":114,"column":4}},"11":{"start":{"line":109,"column":8},"end":{"line":109,"column":35}},"12":{"start":{"line":117,"column":15},"end":{"line":134,"column":2}}},"fnMap":{"0":{"name":"(anonymous_0)","decl":{"start":{"line":30,"column":22},"end":{"line":30,"column":23}},"loc":{"start":{"line":30,"column":76},"end":{"line":53,"column":1}},"line":30},"1":{"name":"(anonymous_1)","decl":{"start":{"line":39,"column":21},"end":{"line":39,"column":22}},"loc":{"start":{"line":39,"column":27},"end":{"line":39,"column":45}},"line":39},"2":{"name":"(anonymous_2)","decl":{"start":{"line":45,"column":21},"end":{"line":45,"column":22}},"loc":{"start":{"line":45,"column":27},"end":{"line":45,"column":47}},"line":45},"3":{"name":"(anonymous_3)","decl":{"start":{"line":56,"column":2},"end":{"line":56,"column":3}},"loc":{"start":{"line":56,"column":21},"end":{"line":59,"column":3}},"line":56},"4":{"name":"(anonymous_4)","decl":{"start":{"line":72,"column":2},"end":{"line":72,"column":3}},"loc":{"start":{"line":72,"column":28},"end":{"line":83,"column":3}},"line":72},"5":{"name":"(anonymous_5)","decl":{"start":{"line":74,"column":17},"end":{"line":74,"column":18}},"loc":{"start":{"line":74,"column":21},"end":{"line":74,"column":23}},"line":74},"6":{"name":"(anonymous_6)","decl":{"start":{"line":76,"column":17},"end":{"line":76,"column":18}},"loc":{"start":{"line":76,"column":21},"end":{"line":76,"column":23}},"line":76},"7":{"name":"App","decl":{"start":{"line":88,"column":9},"end":{"line":88,"column":12}},"loc":{"start":{"line":88,"column":34},"end":{"line":115,"column":1}},"line":88},"8":{"name":"(anonymous_8)","decl":{"start":{"line":94,"column":15},"end":{"line":94,"column":16}},"loc":{"start":{"line":94,"column":19},"end":{"line":96,"column":5}},"line":94},"9":{"name":"(anonymous_9)","decl":{"start":{"line":108,"column":15},"end":{"line":108,"column":16}},"loc":{"start":{"line":108,"column":19},"end":{"line":110,"column":7}},"line":108}},"branchMap":{},"s":{"0":1,"1":2,"2":0,"3":0,"4":1,"5":1,"6":2,"7":2,"8":2,"9":2,"10":2,"11":1,"12":1},"f":{"0":2,"1":0,"2":0,"3":1,"4":2,"5":0,"6":0,"7":2,"8":0,"9":1},"b":{},"_coverageSchema":"1a1c01bbd47fc00a2c39e90264f33305004495a9","hash":"91d58b19326589705b364a2dc7ca65caec6e26a8"}
,"/home/deq/Work/React Native/AwesomeProject/Controller.tsx": {"path":"/home/deq/Work/React Native/AwesomeProject/Controller.tsx","statementMap":{"0":{"start":{"line":7,"column":4},"end":{"line":7,"column":17}},"1":{"start":{"line":8,"column":4},"end":{"line":8,"column":44}},"2":{"start":{"line":9,"column":4},"end":{"line":11,"column":6}},"3":{"start":{"line":15,"column":4},"end":{"line":15,"column":53}},"4":{"start":{"line":18,"column":4},"end":{"line":18,"column":56}},"5":{"start":{"line":22,"column":4},"end":{"line":22,"column":30}}},"fnMap":{"0":{"name":"(anonymous_0)","decl":{"start":{"line":6,"column":2},"end":{"line":6,"column":3}},"loc":{"start":{"line":6,"column":21},"end":{"line":12,"column":3}},"line":6},"1":{"name":"(anonymous_1)","decl":{"start":{"line":14,"column":3},"end":{"line":14,"column":4}},"loc":{"start":{"line":14,"column":23},"end":{"line":16,"column":3}},"line":14},"2":{"name":"(anonymous_2)","decl":{"start":{"line":17,"column":3},"end":{"line":17,"column":4}},"loc":{"start":{"line":17,"column":26},"end":{"line":19,"column":3}},"line":17},"3":{"name":"(anonymous_3)","decl":{"start":{"line":21,"column":2},"end":{"line":21,"column":3}},"loc":{"start":{"line":21,"column":8},"end":{"line":23,"column":3}},"line":21}},"branchMap":{},"s":{"0":1,"1":1,"2":1,"3":2,"4":1,"5":1},"f":{"0":1,"1":2,"2":1,"3":1},"b":{},"_coverageSchema":"1a1c01bbd47fc00a2c39e90264f33305004495a9","hash":"3b65f3dea265278a73af891f9ad4f06cc1af6c06"}
}
