TN:
SF:App.tsx
FN:30,(anonymous_0)
FN:39,(anonymous_1)
FN:45,(anonymous_2)
FN:56,(anonymous_3)
FN:72,(anonymous_4)
FN:74,(anonymous_5)
FN:76,(anonymous_6)
FN:88,App
FN:94,(anonymous_8)
FN:108,(anonymous_9)
FNF:10
FNH:5
FNDA:2,(anonymous_0)
FNDA:0,(anonymous_1)
FNDA:0,(anonymous_2)
FNDA:1,(anonymous_3)
FNDA:2,(anonymous_4)
FNDA:0,(anonymous_5)
FNDA:0,(anonymous_6)
FNDA:2,App
FNDA:0,(anonymous_8)
FNDA:1,(anonymous_9)
DA:30,1
DA:31,2
DA:39,0
DA:45,0
DA:57,1
DA:58,1
DA:73,2
DA:78,2
DA:89,2
DA:93,2
DA:99,2
DA:109,1
DA:117,1
LF:13
LH:11
BRF:0
BRH:0
end_of_record
TN:
SF:Controller.tsx
FN:6,(anonymous_0)
FN:14,(anonymous_1)
FN:17,(anonymous_2)
FN:21,(anonymous_3)
FNF:4
FNH:4
FNDA:1,(anonymous_0)
FNDA:2,(anonymous_1)
FNDA:1,(anonymous_2)
FNDA:1,(anonymous_3)
DA:7,1
DA:8,1
DA:9,1
DA:15,2
DA:18,1
DA:22,1
LF:6
LH:6
BRF:0
BRH:0
end_of_record
